Using pre-set license
Built from '2022.3/staging' branch; Version is '2022.3.27f1 (73effa14754f) revision 7598074'; Using compiler version '192829333'; Build Type 'Release'
OS: 'Windows 10  (10.0.19045) 64bit Enterprise' Language: 'en' Physical Memory: 65245 MB
BatchMode: 1, IsHumanControllingUs: 0, StartBugReporterOnCrash: 0, Is64bit: 1, IsPro: 1

COMMAND LINE ARGUMENTS:
C:\Program Files\Unity 2022.3.27f1\2022.3.27f1\Editor\Unity.exe
-adb2
-batchMode
-noUpm
-name
AssetImportWorker4
-projectPath
C:/Users/hs1116200/Mystic
-logFile
Logs/AssetImportWorker4.log
-srvPort
64369
Successfully changed project path to: C:/Users/hs1116200/Mystic
C:/Users/hs1116200/Mystic
[UnityMemory] Configuration Parameters - Can be set up in boot.config
    "memorysetup-bucket-allocator-granularity=16"
    "memorysetup-bucket-allocator-bucket-count=8"
    "memorysetup-bucket-allocator-block-size=33554432"
    "memorysetup-bucket-allocator-block-count=8"
    "memorysetup-main-allocator-block-size=16777216"
    "memorysetup-thread-allocator-block-size=16777216"
    "memorysetup-gfx-main-allocator-block-size=16777216"
    "memorysetup-gfx-thread-allocator-block-size=16777216"
    "memorysetup-cache-allocator-block-size=4194304"
    "memorysetup-typetree-allocator-block-size=2097152"
    "memorysetup-profiler-bucket-allocator-granularity=16"
    "memorysetup-profiler-bucket-allocator-bucket-count=8"
    "memorysetup-profiler-bucket-allocator-block-size=33554432"
    "memorysetup-profiler-bucket-allocator-block-count=8"
    "memorysetup-profiler-allocator-block-size=16777216"
    "memorysetup-profiler-editor-allocator-block-size=1048576"
    "memorysetup-temp-allocator-size-main=16777216"
    "memorysetup-job-temp-allocator-block-size=2097152"
    "memorysetup-job-temp-allocator-block-size-background=1048576"
    "memorysetup-job-temp-allocator-reduction-small-platforms=262144"
    "memorysetup-allocator-temp-initial-block-size-main=262144"
    "memorysetup-allocator-temp-initial-block-size-worker=262144"
    "memorysetup-temp-allocator-size-background-worker=32768"
    "memorysetup-temp-allocator-size-job-worker=262144"
    "memorysetup-temp-allocator-size-preload-manager=33554432"
    "memorysetup-temp-allocator-size-nav-mesh-worker=65536"
    "memorysetup-temp-allocator-size-audio-worker=65536"
    "memorysetup-temp-allocator-size-cloud-worker=32768"
    "memorysetup-temp-allocator-size-gi-baking-worker=262144"
    "memorysetup-temp-allocator-size-gfx=262144"
Player connection [13276] Host "[IP] 172.21.250.157 [Port] 0 [Flags] 2 [Guid] 3010561897 [EditorId] 3010561897 [Version] 1048832 [Id] WindowsEditor(7,RK03-A1002-22) [Debug] 1 [PackageName] WindowsEditor [ProjectName] Editor" joined multi-casting on [225.0.0.222:54997]...

Player connection [13276] Host "[IP] 172.21.250.157 [Port] 0 [Flags] 2 [Guid] 3010561897 [EditorId] 3010561897 [Version] 1048832 [Id] WindowsEditor(7,RK03-A1002-22) [Debug] 1 [PackageName] WindowsEditor [ProjectName] Editor" joined alternative multi-casting on [225.0.0.222:34997]...

[Physics::Module] Initialized MultithreadedJobDispatcher with 19 workers.
Refreshing native plugins compatible for Editor in 14.14 ms, found 4 plugins.
Preloading 0 native plugins for Editor in 0.00 ms.
Initialize engine version: 2022.3.27f1 (73effa14754f)
[Subsystems] Discovering subsystems at path C:/Program Files/Unity 2022.3.27f1/2022.3.27f1/Editor/Data/Resources/UnitySubsystems
[Subsystems] Discovering subsystems at path C:/Users/hs1116200/Mystic/Assets
GfxDevice: creating device client; threaded=0; jobified=0
Direct3D:
    Version:  Direct3D 11.0 [level 11.1]
    Renderer: NVIDIA RTX A5000 (ID=0x2231)
    Vendor:   NVIDIA
    VRAM:     24250 MB
    Driver:   32.0.15.7159
Initialize mono
Mono path[0] = 'C:/Program Files/Unity 2022.3.27f1/2022.3.27f1/Editor/Data/Managed'
Mono path[1] = 'C:/Program Files/Unity 2022.3.27f1/2022.3.27f1/Editor/Data/MonoBleedingEdge/lib/mono/unityjit-win32'
Mono config path = 'C:/Program Files/Unity 2022.3.27f1/2022.3.27f1/Editor/Data/MonoBleedingEdge/etc'
Using monoOptions --debugger-agent=transport=dt_socket,embedding=1,server=y,suspend=n,address=127.0.0.1:56560
Begin MonoManager ReloadAssembly
Registering precompiled unity dll's ...
Register platform support module: C:/Program Files/Unity 2022.3.27f1/2022.3.27f1/Editor/Data/PlaybackEngines/WebGLSupport/UnityEditor.WebGL.Extensions.dll
Register platform support module: C:/Program Files/Unity 2022.3.27f1/2022.3.27f1/Editor/Data/PlaybackEngines/AndroidPlayer/UnityEditor.Android.Extensions.dll
Register platform support module: C:/Program Files/Unity 2022.3.27f1/2022.3.27f1/Editor/Data/PlaybackEngines/WindowsStandaloneSupport/UnityEditor.WindowsStandalone.Extensions.dll
Registered in 0.017563 seconds.
- Loaded All Assemblies, in  0.387 seconds
Native extension for WindowsStandalone target not found
Native extension for Android target not found
Android Extension - Scanning For ADB Devices 461 ms
Native extension for WebGL target not found
Mono: successfully reloaded assembly
- Finished resetting the current domain, in  0.837 seconds
Domain Reload Profiling: 1222ms
	BeginReloadAssembly (109ms)
		ExecutionOrderSort (0ms)
		DisableScriptedObjects (0ms)
		BackupInstance (0ms)
		ReleaseScriptingObjects (0ms)
		CreateAndSetChildDomain (1ms)
	RebuildCommonClasses (40ms)
	RebuildNativeTypeToScriptingClass (14ms)
	initialDomainReloadingComplete (66ms)
	LoadAllAssembliesAndSetupDomain (155ms)
		LoadAssemblies (107ms)
		RebuildTransferFunctionScriptingTraits (0ms)
		AnalyzeDomain (152ms)
			TypeCache.Refresh (150ms)
				TypeCache.ScanAssembly (135ms)
			ScanForSourceGeneratedMonoScriptInfo (0ms)
			ResolveRequiredComponents (0ms)
	FinalizeReload (837ms)
		ReleaseScriptCaches (0ms)
		RebuildScriptCaches (0ms)
		SetupLoadedEditorAssemblies (755ms)
			LogAssemblyErrors (0ms)
			InitializePlatformSupportModulesInManaged (584ms)
			SetLoadedEditorAssemblies (3ms)
			RefreshPlugins (0ms)
			BeforeProcessingInitializeOnLoad (2ms)
			ProcessInitializeOnLoadAttributes (125ms)
			ProcessInitializeOnLoadMethodAttributes (40ms)
			AfterProcessingInitializeOnLoad (0ms)
			EditorAssembliesLoaded (0ms)
		ExecutionOrderSort2 (0ms)
		AwakeInstancesAfterBackupRestoration (0ms)
========================================================================
Worker process is ready to serve import requests
Begin MonoManager ReloadAssembly
- Loaded All Assemblies, in  0.779 seconds
Refreshing native plugins compatible for Editor in 4.61 ms, found 4 plugins.
Native extension for WindowsStandalone target not found
Native extension for Android target not found
Native extension for WebGL target not found
Mono: successfully reloaded assembly
- Finished resetting the current domain, in  0.782 seconds
Domain Reload Profiling: 1557ms
	BeginReloadAssembly (180ms)
		ExecutionOrderSort (0ms)
		DisableScriptedObjects (7ms)
		BackupInstance (0ms)
		ReleaseScriptingObjects (0ms)
		CreateAndSetChildDomain (27ms)
	RebuildCommonClasses (72ms)
	RebuildNativeTypeToScriptingClass (15ms)
	initialDomainReloadingComplete (39ms)
	LoadAllAssembliesAndSetupDomain (470ms)
		LoadAssemblies (355ms)
		RebuildTransferFunctionScriptingTraits (0ms)
		AnalyzeDomain (222ms)
			TypeCache.Refresh (192ms)
				TypeCache.ScanAssembly (171ms)
			ScanForSourceGeneratedMonoScriptInfo (22ms)
			ResolveRequiredComponents (6ms)
	FinalizeReload (782ms)
		ReleaseScriptCaches (0ms)
		RebuildScriptCaches (0ms)
		SetupLoadedEditorAssemblies (596ms)
			LogAssemblyErrors (0ms)
			InitializePlatformSupportModulesInManaged (32ms)
			SetLoadedEditorAssemblies (4ms)
			RefreshPlugins (0ms)
			BeforeProcessingInitializeOnLoad (78ms)
			ProcessInitializeOnLoadAttributes (453ms)
			ProcessInitializeOnLoadMethodAttributes (22ms)
			AfterProcessingInitializeOnLoad (7ms)
			EditorAssembliesLoaded (0ms)
		ExecutionOrderSort2 (0ms)
		AwakeInstancesAfterBackupRestoration (5ms)
Launched and connected shader compiler UnityShaderCompiler.exe after 0.08 seconds
Refreshing native plugins compatible for Editor in 8.21 ms, found 4 plugins.
Preloading 0 native plugins for Editor in 0.00 ms.
Unloading 4184 Unused Serialized files (Serialized files now loaded: 0)
Unloading 125 unused Assets / (4.1 MB). Loaded Objects now: 4612.
Memory consumption went from 182.7 MB to 178.6 MB.
Total: 8.134700 ms (FindLiveObjects: 0.552300 ms CreateObjectMapping: 0.304300 ms MarkObjects: 4.980600 ms  DeleteObjects: 2.296000 ms)

AssetImportParameters requested are different than current active one (requested -> active):
  custom:container-demuxer-ogg: 62fdf1f143b41e24485cea50d1cbac27 -> 
  custom:video-decoder-ogg-theora: a1e56fd34408186e4bbccfd4996cb3dc -> 
  custom:framework-win-MediaFoundation: 216162199b28c13a410421893ffa2e32 -> 
  custom:scripting/monoscript/fileName/StatsExample.cs: feddb7ab28e5fa572a9a35f19ab46bac -> 
  custom:CustomObjectIndexerAttribute: 9a22284fe3817be447336de3de66b15e -> 
  custom:container-demuxer-webm: 4f35f7cbe854078d1ac9338744f61a02 -> 
  custom:container-muxer-webm: aa71ff27fc2769a1b78a27578f13a17b -> 
  custom:video-decoder-webm-vp8: 9c59270c3fd7afecdb556c50c9e8de78 -> 
  custom:SearchIndexIgnoredProperties: e643bd26f0fe6173181afceb89e7c659 -> 
  custom:AudioImporter_EditorPlatform: d09bf68614088b80899f8185d706f6e7 -> 
  custom:video-encoder-webm-vp8: eb34c28f22e8b96e1ab97ce403110664 -> 
  custom:audio-decoder-ogg-vorbis: bf7c407c2cedff20999df2af8eb42d56 -> 
  custom:audio-encoder-webm-vorbis: bf7c407c2cedff20999df2af8eb42d56 -> 
  custom:scripting/monoscript/fileName/MyCursor.cs: 9d35f566737b300c0bb839f63c8f904e -> 
========================================================================
Received Import Request.
  Time since last request: 175348.432600 seconds.
  path: Assets/Pandazole_Ultimate_Pack/Pandazole Farm Ranch Pack/Prefabs/Env_WaterLand_06.prefab
  artifactKey: Guid(5e2e222b343e926459a4b46ec7b12b69) Importer(815301076,1909f56bfc062723c751e8b465ee728b)
Start importing Assets/Pandazole_Ultimate_Pack/Pandazole Farm Ranch Pack/Prefabs/Env_WaterLand_06.prefab using Guid(5e2e222b343e926459a4b46ec7b12b69) Importer(815301076,1909f56bfc062723c751e8b465ee728b)  -> (artifact id: 'af4bfcd98496fafb678f2d0a4e8e099b') in 0.120307 seconds
Number of updated asset objects reloaded before import = 0
Number of asset objects unloaded after import = 17
========================================================================
Received Import Request.
  Time since last request: 0.000028 seconds.
  path: Assets/Pandazole_Ultimate_Pack/Pandazole Farm Ranch Pack/Prefabs/Env_WoodFence_05.prefab
  artifactKey: Guid(df1c59486edbb164993afb23835953e5) Importer(815301076,1909f56bfc062723c751e8b465ee728b)
Start importing Assets/Pandazole_Ultimate_Pack/Pandazole Farm Ranch Pack/Prefabs/Env_WoodFence_05.prefab using Guid(df1c59486edbb164993afb23835953e5) Importer(815301076,1909f56bfc062723c751e8b465ee728b)  -> (artifact id: 'e8669a4bc3388ddde3a5a3d847d01c5b') in 0.032587 seconds
Number of updated asset objects reloaded before import = 0
Number of asset objects unloaded after import = 17
========================================================================
Received Import Request.
  Time since last request: 8.421565 seconds.
  path: Assets/Pandazole_Ultimate_Pack/Pandazole Farm Ranch Pack/Prefabs/food_Avocado.prefab
  artifactKey: Guid(5a12789b4453d4342922520189221042) Importer(815301076,1909f56bfc062723c751e8b465ee728b)
Start importing Assets/Pandazole_Ultimate_Pack/Pandazole Farm Ranch Pack/Prefabs/food_Avocado.prefab using Guid(5a12789b4453d4342922520189221042) Importer(815301076,1909f56bfc062723c751e8b465ee728b)  -> (artifact id: '19b50f7593984f647fffc4200f5c2a1b') in 0.033604 seconds
Number of updated asset objects reloaded before import = 0
Number of asset objects unloaded after import = 17
========================================================================
Received Import Request.
  Time since last request: 0.004827 seconds.
  path: Assets/Pandazole_Ultimate_Pack/Pandazole Farm Ranch Pack/Prefabs/food_Common.prefab
  artifactKey: Guid(27dfabbf2f1a80549910c704302d181b) Importer(815301076,1909f56bfc062723c751e8b465ee728b)
Start importing Assets/Pandazole_Ultimate_Pack/Pandazole Farm Ranch Pack/Prefabs/food_Common.prefab using Guid(27dfabbf2f1a80549910c704302d181b) Importer(815301076,1909f56bfc062723c751e8b465ee728b)  -> (artifact id: 'c1295e3f0470c848042437211e389ec3') in 0.023114 seconds
Number of updated asset objects reloaded before import = 0
Number of asset objects unloaded after import = 17
========================================================================
Received Import Request.
  Time since last request: 0.005406 seconds.
  path: Assets/Pandazole_Ultimate_Pack/Pandazole Farm Ranch Pack/Prefabs/food_Grape.prefab
  artifactKey: Guid(78399188c5807114f844b8354a1aef66) Importer(815301076,1909f56bfc062723c751e8b465ee728b)
Start importing Assets/Pandazole_Ultimate_Pack/Pandazole Farm Ranch Pack/Prefabs/food_Grape.prefab using Guid(78399188c5807114f844b8354a1aef66) Importer(815301076,1909f56bfc062723c751e8b465ee728b)  -> (artifact id: '4451c9eb0bdbeeb234711671d4ccc117') in 0.021787 seconds
Number of updated asset objects reloaded before import = 0
Number of asset objects unloaded after import = 17
========================================================================
Received Import Request.
  Time since last request: 0.005381 seconds.
  path: Assets/Pandazole_Ultimate_Pack/Pandazole Farm Ranch Pack/Prefabs/food_Orange.prefab
  artifactKey: Guid(0e80a0cd28764524ab23b2965cab0398) Importer(815301076,1909f56bfc062723c751e8b465ee728b)
Start importing Assets/Pandazole_Ultimate_Pack/Pandazole Farm Ranch Pack/Prefabs/food_Orange.prefab using Guid(0e80a0cd28764524ab23b2965cab0398) Importer(815301076,1909f56bfc062723c751e8b465ee728b)  -> (artifact id: 'd872cb425e18bacd2a2364fd6946ace1') in 0.019850 seconds
Number of updated asset objects reloaded before import = 0
Number of asset objects unloaded after import = 17
========================================================================
Received Import Request.
  Time since last request: 0.005739 seconds.
  path: Assets/Pandazole_Ultimate_Pack/Pandazole Farm Ranch Pack/Prefabs/food_Pumpkin.prefab
  artifactKey: Guid(77d5a35c34a8d47488d6a489bc3fc779) Importer(815301076,1909f56bfc062723c751e8b465ee728b)
Start importing Assets/Pandazole_Ultimate_Pack/Pandazole Farm Ranch Pack/Prefabs/food_Pumpkin.prefab using Guid(77d5a35c34a8d47488d6a489bc3fc779) Importer(815301076,1909f56bfc062723c751e8b465ee728b)  -> (artifact id: '52429d39603458bb66b2610c2886b082') in 0.020129 seconds
Number of updated asset objects reloaded before import = 0
Number of asset objects unloaded after import = 17
========================================================================
Received Import Request.
  Time since last request: 9.724292 seconds.
  path: Assets/Pandazole_Ultimate_Pack/Pandazole Farm Ranch Pack/Prefabs/food_Tangerine.prefab
  artifactKey: Guid(6f34c498a65021746bd2eb20abca8232) Importer(815301076,1909f56bfc062723c751e8b465ee728b)
Start importing Assets/Pandazole_Ultimate_Pack/Pandazole Farm Ranch Pack/Prefabs/food_Tangerine.prefab using Guid(6f34c498a65021746bd2eb20abca8232) Importer(815301076,1909f56bfc062723c751e8b465ee728b)  -> (artifact id: '60e1af178dea825842eefc4e9bae3a7a') in 0.050615 seconds
Number of updated asset objects reloaded before import = 0
Number of asset objects unloaded after import = 17
========================================================================
Received Import Request.
  Time since last request: 0.011453 seconds.
  path: Assets/Pandazole_Ultimate_Pack/Pandazole Farm Ranch Pack/Prefabs/Prop_AnimalFeeder_02.prefab
  artifactKey: Guid(259dc5221af9e214e87ef02b3ddc29a1) Importer(815301076,1909f56bfc062723c751e8b465ee728b)
Start importing Assets/Pandazole_Ultimate_Pack/Pandazole Farm Ranch Pack/Prefabs/Prop_AnimalFeeder_02.prefab using Guid(259dc5221af9e214e87ef02b3ddc29a1) Importer(815301076,1909f56bfc062723c751e8b465ee728b)  -> (artifact id: '9f63a707fd8f3eb4ee34d01eec116b08') in 0.039113 seconds
Number of updated asset objects reloaded before import = 0
Number of asset objects unloaded after import = 17
========================================================================
Received Import Request.
  Time since last request: 0.000041 seconds.
  path: Assets/Pandazole_Ultimate_Pack/Pandazole Farm Ranch Pack/Prefabs/Prop_Berrel_03.prefab
  artifactKey: Guid(ee7bbe0c4dc2bdf429520e9bd33033e4) Importer(815301076,1909f56bfc062723c751e8b465ee728b)
Start importing Assets/Pandazole_Ultimate_Pack/Pandazole Farm Ranch Pack/Prefabs/Prop_Berrel_03.prefab using Guid(ee7bbe0c4dc2bdf429520e9bd33033e4) Importer(815301076,1909f56bfc062723c751e8b465ee728b)  -> (artifact id: '8bb12a7f8e7e71db8bf32a1c36ce592d') in 0.023761 seconds
Number of updated asset objects reloaded before import = 0
Number of asset objects unloaded after import = 17
========================================================================
Received Import Request.
  Time since last request: 0.007276 seconds.
  path: Assets/Pandazole_Ultimate_Pack/Pandazole Farm Ranch Pack/Prefabs/Prop_BigFarmingTool_01.prefab
  artifactKey: Guid(1376e7fe2601242438a9efc9b0932e1d) Importer(815301076,1909f56bfc062723c751e8b465ee728b)
Start importing Assets/Pandazole_Ultimate_Pack/Pandazole Farm Ranch Pack/Prefabs/Prop_BigFarmingTool_01.prefab using Guid(1376e7fe2601242438a9efc9b0932e1d) Importer(815301076,1909f56bfc062723c751e8b465ee728b)  -> (artifact id: 'de5a0c884e281df85359321383a8ed47') in 0.025704 seconds
Number of updated asset objects reloaded before import = 0
Number of asset objects unloaded after import = 17
========================================================================
Received Import Request.
  Time since last request: 1.494684 seconds.
  path: Assets/Pandazole_Ultimate_Pack/Pandazole Farm Ranch Pack/Prefabs/Prop_BigFarmingTool_02.prefab
  artifactKey: Guid(3e07e977acab70542ad2c54830ad725f) Importer(815301076,1909f56bfc062723c751e8b465ee728b)
Start importing Assets/Pandazole_Ultimate_Pack/Pandazole Farm Ranch Pack/Prefabs/Prop_BigFarmingTool_02.prefab using Guid(3e07e977acab70542ad2c54830ad725f) Importer(815301076,1909f56bfc062723c751e8b465ee728b)  -> (artifact id: '66e2b923c52486c5ca683a689cfe7a78') in 0.046673 seconds
Number of updated asset objects reloaded before import = 0
Number of asset objects unloaded after import = 17
========================================================================
Received Import Request.
  Time since last request: 0.006996 seconds.
  path: Assets/Pandazole_Ultimate_Pack/Pandazole Farm Ranch Pack/Prefabs/Prop_Bucket_02.prefab
  artifactKey: Guid(067ab14566afc8c4083df72e1e40d89d) Importer(815301076,1909f56bfc062723c751e8b465ee728b)
Start importing Assets/Pandazole_Ultimate_Pack/Pandazole Farm Ranch Pack/Prefabs/Prop_Bucket_02.prefab using Guid(067ab14566afc8c4083df72e1e40d89d) Importer(815301076,1909f56bfc062723c751e8b465ee728b)  -> (artifact id: '2295c1c7f3f0353b72faf8d20b1ffa0f') in 0.031573 seconds
Number of updated asset objects reloaded before import = 0
Number of asset objects unloaded after import = 17
========================================================================
Received Import Request.
  Time since last request: 0.001207 seconds.
  path: Assets/Pandazole_Ultimate_Pack/Pandazole Farm Ranch Pack/Prefabs/Prop_FoodSack_02.prefab
  artifactKey: Guid(b800377a45049214da2137bc28417a9e) Importer(815301076,1909f56bfc062723c751e8b465ee728b)
Start importing Assets/Pandazole_Ultimate_Pack/Pandazole Farm Ranch Pack/Prefabs/Prop_FoodSack_02.prefab using Guid(b800377a45049214da2137bc28417a9e) Importer(815301076,1909f56bfc062723c751e8b465ee728b)  -> (artifact id: 'b48c29b9bce5eff3a4a77d945216f2f4') in 0.026762 seconds
Number of updated asset objects reloaded before import = 0
Number of asset objects unloaded after import = 17
========================================================================
Received Import Request.
  Time since last request: 0.009056 seconds.
  path: Assets/Pandazole_Ultimate_Pack/Pandazole Farm Ranch Pack/Prefabs/Prop_Haystack_01.prefab
  artifactKey: Guid(f6eb79ef127b8eb40aeeca701c5def21) Importer(815301076,1909f56bfc062723c751e8b465ee728b)
Start importing Assets/Pandazole_Ultimate_Pack/Pandazole Farm Ranch Pack/Prefabs/Prop_Haystack_01.prefab using Guid(f6eb79ef127b8eb40aeeca701c5def21) Importer(815301076,1909f56bfc062723c751e8b465ee728b)  -> (artifact id: '5c6b0595393b1901aedb13b36cd4fd63') in 0.020196 seconds
Number of updated asset objects reloaded before import = 0
Number of asset objects unloaded after import = 17
========================================================================
Received Import Request.
  Time since last request: 0.005598 seconds.
  path: Assets/Pandazole_Ultimate_Pack/Pandazole Farm Ranch Pack/Prefabs/Prop_Haystack_05.prefab
  artifactKey: Guid(e1312df88a2b9934e8b0c3310d06ea6b) Importer(815301076,1909f56bfc062723c751e8b465ee728b)
Start importing Assets/Pandazole_Ultimate_Pack/Pandazole Farm Ranch Pack/Prefabs/Prop_Haystack_05.prefab using Guid(e1312df88a2b9934e8b0c3310d06ea6b) Importer(815301076,1909f56bfc062723c751e8b465ee728b)  -> (artifact id: 'e88975ac1f666f2c6bdb0e32023dee7f') in 0.024919 seconds
Number of updated asset objects reloaded before import = 0
Number of asset objects unloaded after import = 17
========================================================================
Received Import Request.
  Time since last request: 0.002558 seconds.
  path: Assets/Pandazole_Ultimate_Pack/Pandazole Farm Ranch Pack/Prefabs/Prop_Pallete_01.prefab
  artifactKey: Guid(77c83503cda412e49a322ddaf231942d) Importer(815301076,1909f56bfc062723c751e8b465ee728b)
Start importing Assets/Pandazole_Ultimate_Pack/Pandazole Farm Ranch Pack/Prefabs/Prop_Pallete_01.prefab using Guid(77c83503cda412e49a322ddaf231942d) Importer(815301076,1909f56bfc062723c751e8b465ee728b)  -> (artifact id: 'ab8d97fdf6544b58d5c705ab1559dd28') in 0.026605 seconds
Number of updated asset objects reloaded before import = 0
Number of asset objects unloaded after import = 17
========================================================================
Received Import Request.
  Time since last request: 0.005928 seconds.
  path: Assets/Pandazole_Ultimate_Pack/Pandazole Farm Ranch Pack/Prefabs/Prop_SmallFarmingTool_04.prefab
  artifactKey: Guid(12add6a96fff65c4dbeb1a276d017913) Importer(815301076,1909f56bfc062723c751e8b465ee728b)
Start importing Assets/Pandazole_Ultimate_Pack/Pandazole Farm Ranch Pack/Prefabs/Prop_SmallFarmingTool_04.prefab using Guid(12add6a96fff65c4dbeb1a276d017913) Importer(815301076,1909f56bfc062723c751e8b465ee728b)  -> (artifact id: '64c1eaef7740cde416b843b5304d9c14') in 0.029068 seconds
Number of updated asset objects reloaded before import = 0
Number of asset objects unloaded after import = 17
========================================================================
Received Import Request.
  Time since last request: 0.386131 seconds.
  path: Assets/Pandazole_Ultimate_Pack/Pandazole Farm Ranch Pack/Prefabs/Prop_SmallFarmingTool_05.prefab
  artifactKey: Guid(55147714e7e74b44f8d1386ce1193497) Importer(815301076,1909f56bfc062723c751e8b465ee728b)
Start importing Assets/Pandazole_Ultimate_Pack/Pandazole Farm Ranch Pack/Prefabs/Prop_SmallFarmingTool_05.prefab using Guid(55147714e7e74b44f8d1386ce1193497) Importer(815301076,1909f56bfc062723c751e8b465ee728b)  -> (artifact id: '195ca0214274986761f3dd8342f36389') in 0.049370 seconds
Number of updated asset objects reloaded before import = 0
Number of asset objects unloaded after import = 17
========================================================================
Received Import Request.
  Time since last request: 0.000181 seconds.
  path: Assets/Pandazole_Ultimate_Pack/Pandazole Farm Ranch Pack/Prefabs/Prop_WateringCan_03.prefab
  artifactKey: Guid(7ac88bac19cf3ae4d84ca907cb43d4b4) Importer(815301076,1909f56bfc062723c751e8b465ee728b)
Start importing Assets/Pandazole_Ultimate_Pack/Pandazole Farm Ranch Pack/Prefabs/Prop_WateringCan_03.prefab using Guid(7ac88bac19cf3ae4d84ca907cb43d4b4) Importer(815301076,1909f56bfc062723c751e8b465ee728b)  -> (artifact id: 'c9a0edbbecf14605f95ccd7b6fc5b24b') in 0.034169 seconds
Number of updated asset objects reloaded before import = 0
Number of asset objects unloaded after import = 17
========================================================================
Received Import Request.
  Time since last request: 0.007275 seconds.
  path: Assets/Pandazole_Ultimate_Pack/Pandazole Farm Ranch Pack/Prefabs/Prop_WoodenBox_03.prefab
  artifactKey: Guid(58f9bffc56214664e969be33c469f6a2) Importer(815301076,1909f56bfc062723c751e8b465ee728b)
Start importing Assets/Pandazole_Ultimate_Pack/Pandazole Farm Ranch Pack/Prefabs/Prop_WoodenBox_03.prefab using Guid(58f9bffc56214664e969be33c469f6a2) Importer(815301076,1909f56bfc062723c751e8b465ee728b)  -> (artifact id: 'fb7b120ae860de438fb195fa4b6b7621') in 0.022667 seconds
Number of updated asset objects reloaded before import = 0
Number of asset objects unloaded after import = 17
========================================================================
Received Import Request.
  Time since last request: 0.007800 seconds.
  path: Assets/Pandazole_Ultimate_Pack/Pandazole Farm Ranch Pack/Prefabs/Prop_WoodenChest_02.prefab
  artifactKey: Guid(17755911f12715b46abdc3db02860d36) Importer(815301076,1909f56bfc062723c751e8b465ee728b)
Start importing Assets/Pandazole_Ultimate_Pack/Pandazole Farm Ranch Pack/Prefabs/Prop_WoodenChest_02.prefab using Guid(17755911f12715b46abdc3db02860d36) Importer(815301076,1909f56bfc062723c751e8b465ee728b)  -> (artifact id: '93aa869563cafc89a295d3aea708cbb5') in 0.024930 seconds
Number of updated asset objects reloaded before import = 0
Number of asset objects unloaded after import = 26
========================================================================
Received Import Request.
  Time since last request: 0.004285 seconds.
  path: Assets/Pandazole_Ultimate_Pack/Pandazole Farm Ranch Pack/Prefabs/Prop_WoodenCrates_03.prefab
  artifactKey: Guid(bcafd9aa431248846a8d2ed15d2d44cf) Importer(815301076,1909f56bfc062723c751e8b465ee728b)
Start importing Assets/Pandazole_Ultimate_Pack/Pandazole Farm Ranch Pack/Prefabs/Prop_WoodenCrates_03.prefab using Guid(bcafd9aa431248846a8d2ed15d2d44cf) Importer(815301076,1909f56bfc062723c751e8b465ee728b)  -> (artifact id: 'bcf3954c838a4c3e647205be92390a8e') in 0.023628 seconds
Number of updated asset objects reloaded before import = 0
Number of asset objects unloaded after import = 17
========================================================================
Received Import Request.
  Time since last request: 114.928892 seconds.
  path: Assets/LowPolyFarmLite/Prefabs/Box_01.prefab
  artifactKey: Guid(d26dc1241d332c342b898a57f1164932) Importer(815301076,1909f56bfc062723c751e8b465ee728b)
Start importing Assets/LowPolyFarmLite/Prefabs/Box_01.prefab using Guid(d26dc1241d332c342b898a57f1164932) Importer(815301076,1909f56bfc062723c751e8b465ee728b)  -> (artifact id: '83175f5eecc3d1378bb77f5e93d5a1df') in 0.019197 seconds
Number of updated asset objects reloaded before import = 0
Number of asset objects unloaded after import = 10
========================================================================
Received Import Request.
  Time since last request: 0.013667 seconds.
  path: Assets/LowPolyFarmLite/Prefabs/Grass_02.prefab
  artifactKey: Guid(81dad7d5552c9a341b390c79338fe0a4) Importer(815301076,1909f56bfc062723c751e8b465ee728b)
Start importing Assets/LowPolyFarmLite/Prefabs/Grass_02.prefab using Guid(81dad7d5552c9a341b390c79338fe0a4) Importer(815301076,1909f56bfc062723c751e8b465ee728b)  -> (artifact id: '175aca31183608d2356abe9d7a2397f5') in 0.027419 seconds
Number of updated asset objects reloaded before import = 0
Number of asset objects unloaded after import = 10
========================================================================
Received Import Request.
  Time since last request: 0.028925 seconds.
  path: Assets/LowPolyFarmLite/Prefabs/Terrain_01.prefab
  artifactKey: Guid(7ddfa3a1d18174043aab251be6df3a0e) Importer(815301076,1909f56bfc062723c751e8b465ee728b)
Start importing Assets/LowPolyFarmLite/Prefabs/Terrain_01.prefab using Guid(7ddfa3a1d18174043aab251be6df3a0e) Importer(815301076,1909f56bfc062723c751e8b465ee728b)  -> (artifact id: '4b64415e7a6197c9d7a7eaa660191c0d') in 0.032892 seconds
Number of updated asset objects reloaded before import = 0
Number of asset objects unloaded after import = 15
========================================================================
Received Import Request.
  Time since last request: 0.000025 seconds.
  path: Assets/LowPolyFarmLite/Prefabs/Tomato_03.prefab
  artifactKey: Guid(fd8e0760db14a534a89257f68a4f2a8c) Importer(815301076,1909f56bfc062723c751e8b465ee728b)
Start importing Assets/LowPolyFarmLite/Prefabs/Tomato_03.prefab using Guid(fd8e0760db14a534a89257f68a4f2a8c) Importer(815301076,1909f56bfc062723c751e8b465ee728b)  -> (artifact id: 'd68cca09837a2aa6e672acde92bfa0ce') in 0.020231 seconds
Number of updated asset objects reloaded before import = 0
Number of asset objects unloaded after import = 18
========================================================================
Received Import Request.
  Time since last request: 0.000035 seconds.
  path: Assets/LowPolyFarmLite/Prefabs/TomatoPlant_01.prefab
  artifactKey: Guid(78da2ace1ab76ce478600ebe37fa10fe) Importer(815301076,1909f56bfc062723c751e8b465ee728b)
Start importing Assets/LowPolyFarmLite/Prefabs/TomatoPlant_01.prefab using Guid(78da2ace1ab76ce478600ebe37fa10fe) Importer(815301076,1909f56bfc062723c751e8b465ee728b)  -> (artifact id: '51c17813d1ab216a6493ab2410face50') in 0.023874 seconds
Number of updated asset objects reloaded before import = 0
Number of asset objects unloaded after import = 18
========================================================================
Received Import Request.
  Time since last request: 9.514400 seconds.
  path: Assets/Little_Ghost2/Prefabs/G1_Black.prefab
  artifactKey: Guid(8146374d820c3ac45baeed5014144363) Importer(815301076,1909f56bfc062723c751e8b465ee728b)
Start importing Assets/Little_Ghost2/Prefabs/G1_Black.prefab using Guid(8146374d820c3ac45baeed5014144363) Importer(815301076,1909f56bfc062723c751e8b465ee728b)  -> (artifact id: 'cd7e1eec4382e47bd688c11014ea4067') in 0.145353 seconds
Number of updated asset objects reloaded before import = 0
Number of asset objects unloaded after import = 77
Editor requested this worker to shutdown with reason: Scaling down because of idle timeout
TcpMessagingSession - receive error: operation aborted. errorcode: 995, details: The I/O operation has been aborted because of either a thread exit or an application request.
AssetImportWorker is now disconnected from the server
Process exiting
Exiting without the bug reporter. Application will terminate with return code 0